2015-11-06 11:04:27,085 - [INFO] - from play in pool-4-thread-2 
Listening for HTTP on /0:0:0:0:0:0:0:0:9000

2015-11-06 11:04:40,588 - [INFO] - from play in play-internal-execution-context-1 
datasource [jdbc:h2:file:data/db;DB_CLOSE_DELAY=-1] bound to JNDI as DefaultDS

2015-11-06 11:04:40,807 - [INFO] - from play in play-internal-execution-context-1 
database [default] connected at jdbc:h2:file:data/db

2015-11-06 11:04:41,750 - [INFO] - from play in play-internal-execution-context-1 
Application started (Dev)

2015-11-06 11:04:49,398 - [INFO] - from application in play-akka.actor.default-dispatcher-3 
http://localhost:9034/posts/getAllPosts/json

2015-11-06 11:05:11,472 - [INFO] - from application in play-akka.actor.default-dispatcher-4 
http://localhost:9034/posts/getAllPosts/json

2015-11-06 11:07:46,879 - [INFO] - from play in play-internal-execution-context-1 
datasource [jdbc:h2:file:data/db;DB_CLOSE_DELAY=-1] bound to JNDI as DefaultDS

2015-11-06 11:07:46,885 - [INFO] - from play in play-internal-execution-context-1 
database [default] connected at jdbc:h2:file:data/db

2015-11-06 11:07:47,103 - [INFO] - from play in play-internal-execution-context-1 
Application started (Dev)

2015-11-06 11:07:47,116 - [INFO] - from application in play-akka.actor.default-dispatcher-7 
http://localhost:9034/posts/getAllPosts/json

