2015-11-06 10:05:01,821 - [INFO] - from play in pool-4-thread-1 
Listening for HTTP on /0:0:0:0:0:0:0:0:9034

2015-11-06 10:05:33,761 - [INFO] - from play in play-internal-execution-context-1 
Application started (Dev)

2015-11-14 17:58:33,036 - [ERROR] - from org.hibernate.tool.hbm2ddl.SchemaUpdate in run-main-0 
HHH000319: Could not get database metadata
java.sql.SQLException: Connections could not be acquired from the underlying database!
	at com.mchange.v2.sql.SqlUtils.toSQLException(SqlUtils.java:118) ~[na:na]
	at com.mchange.v2.c3p0.impl.C3P0PooledConnectionPool.checkoutPooledConnection(C3P0PooledConnectionPool.java:689) ~[na:na]
	at com.mchange.v2.c3p0.impl.AbstractPoolBackedDataSource.getConnection(AbstractPoolBackedDataSource.java:140) ~[na:na]
	at org.hibernate.c3p0.internal.C3P0ConnectionProvider.getConnection(C3P0ConnectionProvider.java:89) ~[na:na]
	at org.hibernate.tool.hbm2ddl.SuppliedConnectionProviderConnectionHelper.prepare(SuppliedConnectionProviderConnectionHelper.java:51) ~[na:na]
	at org.hibernate.tool.hbm2ddl.SchemaUpdate.execute(SchemaUpdate.java:194) ~[na:na]
	at org.hibernate.tool.hbm2ddl.SchemaUpdate.execute(SchemaUpdate.java:178) ~[na:na]
	at org.hibernate.internal.SessionFactoryImpl.<init>(SessionFactoryImpl.java:522) ~[na:na]
	at org.hibernate.cfg.Configuration.buildSessionFactory(Configuration.java:1859) ~[na:na]
	at org.hibernate.jpa.boot.internal.EntityManagerFactoryBuilderImpl$4.perform(EntityManagerFactoryBuilderImpl.java:852) [na:na]
	at org.hibernate.jpa.boot.internal.EntityManagerFactoryBuilderImpl$4.perform(EntityManagerFactoryBuilderImpl.java:845) [na:na]
	at org.hibernate.boot.registry.classloading.internal.ClassLoaderServiceImpl.withTccl(ClassLoaderServiceImpl.java:398) [na:na]
	at org.hibernate.jpa.boot.internal.EntityManagerFactoryBuilderImpl.build(EntityManagerFactoryBuilderImpl.java:844) [na:na]
	at org.hibernate.jpa.HibernatePersistenceProvider.createEntityManagerFactory(HibernatePersistenceProvider.java:75) [na:na]
	at org.hibernate.ejb.HibernatePersistence.createEntityManagerFactory(HibernatePersistence.java:54) [na:na]
	at javax.persistence.Persistence.createEntityManagerFactory(Persistence.java:55) [na:na]
	at javax.persistence.Persistence.createEntityManagerFactory(Persistence.java:39) [na:na]
	at Global$SpringDataJpaConfiguration.entityManagerFactory(Global.java:94) [na:na]
	at Global$SpringDataJpaConfiguration$$EnhancerBySpringCGLIB$$327ba7b.CGLIB$entityManagerFactory$1(<generated>) [na:na]
	at Global$SpringDataJpaConfiguration$$EnhancerBySpringCGLIB$$327ba7b$$FastClassBySpringCGLIB$$dc0899dc.invoke(<generated>) [na:na]
	at org.springframework.cglib.proxy.MethodProxy.invokeSuper(MethodProxy.java:228) [na:na]
	at org.springframework.context.annotation.ConfigurationClassEnhancer$BeanMethodInterceptor.intercept(ConfigurationClassEnhancer.java:309) [na:na]
	at Global$SpringDataJpaConfiguration$$EnhancerBySpringCGLIB$$327ba7b.entityManagerFactory(<generated>) [na:na]
	at sun.reflect.NativeMethodAccessorImpl.invoke0(Native Method) ~[na:1.8.0_60]
	at sun.reflect.NativeMethodAccessorImpl.invoke(NativeMethodAccessorImpl.java:62) ~[na:1.8.0_60]
	at sun.reflect.DelegatingMethodAccessorImpl.invoke(DelegatingMethodAccessorImpl.java:43) ~[na:1.8.0_60]
	at java.lang.reflect.Method.invoke(Method.java:497) ~[na:1.8.0_60]
	at org.springframework.beans.factory.support.SimpleInstantiationStrategy.instantiate(SimpleInstantiationStrategy.java:162) [na:na]
	at org.springframework.beans.factory.support.ConstructorResolver$3.run(ConstructorResolver.java:582) [na:na]
	at java.security.AccessController.doPrivileged(Native Method) [na:1.8.0_60]
	at org.springframework.beans.factory.support.ConstructorResolver.instantiateUsingFactoryMethod(ConstructorResolver.java:579) [na:na]
	at org.springframework.beans.factory.support.AbstractAutowireCapableBeanFactory.instantiateUsingFactoryMethod(AbstractAutowireCapableBeanFactory.java:1111) [na:na]
	at org.springframework.beans.factory.support.AbstractAutowireCapableBeanFactory.createBeanInstance(AbstractAutowireCapableBeanFactory.java:1006) [na:na]
	at org.springframework.beans.factory.support.AbstractAutowireCapableBeanFactory.doCreateBean(AbstractAutowireCapableBeanFactory.java:504) [na:na]
	at org.springframework.beans.factory.support.AbstractAutowireCapableBeanFactory.createBean(AbstractAutowireCapableBeanFactory.java:476) [na:na]
	at org.springframework.beans.factory.support.AbstractBeanFactory$1.getObject(AbstractBeanFactory.java:303) [na:na]
	at org.springframework.beans.factory.support.DefaultSingletonBeanRegistry.getSingleton(DefaultSingletonBeanRegistry.java:230) [na:na]
	at org.springframework.beans.factory.support.AbstractBeanFactory.doGetBean(AbstractBeanFactory.java:299) [na:na]
	at org.springframework.beans.factory.support.AbstractBeanFactory.getBean(AbstractBeanFactory.java:194) [na:na]
	at org.springframework.beans.factory.support.BeanDefinitionValueResolver.resolveReference(BeanDefinitionValueResolver.java:351) [na:na]
	at org.springframework.beans.factory.support.BeanDefinitionValueResolver.resolveValueIfNecessary(BeanDefinitionValueResolver.java:108) [na:na]
	at org.springframework.beans.factory.support.ConstructorResolver.resolveConstructorArguments(ConstructorResolver.java:634) [na:na]
	at org.springframework.beans.factory.support.ConstructorResolver.instantiateUsingFactoryMethod(ConstructorResolver.java:444) [na:na]
	at org.springframework.beans.factory.support.AbstractAutowireCapableBeanFactory.instantiateUsingFactoryMethod(AbstractAutowireCapableBeanFactory.java:1111) [na:na]
	at org.springframework.beans.factory.support.AbstractAutowireCapableBeanFactory.createBeanInstance(AbstractAutowireCapableBeanFactory.java:1006) [na:na]
	at org.springframework.beans.factory.support.AbstractAutowireCapableBeanFactory.doCreateBean(AbstractAutowireCapableBeanFactory.java:504) [na:na]
	at org.springframework.beans.factory.support.AbstractAutowireCapableBeanFactory.createBean(AbstractAutowireCapableBeanFactory.java:476) [na:na]
	at org.springframework.beans.factory.support.BeanDefinitionValueResolver.resolveInnerBean(BeanDefinitionValueResolver.java:299) [na:na]
	at org.springframework.beans.factory.support.BeanDefinitionValueResolver.resolveValueIfNecessary(BeanDefinitionValueResolver.java:129) [na:na]
	at org.springframework.beans.factory.support.AbstractAutowireCapableBeanFactory.applyPropertyValues(AbstractAutowireCapableBeanFactory.java:1469) [na:na]
	at org.springframework.beans.factory.support.AbstractAutowireCapableBeanFactory.populateBean(AbstractAutowireCapableBeanFactory.java:1214) [na:na]
	at org.springframework.beans.factory.support.AbstractAutowireCapableBeanFactory.doCreateBean(AbstractAutowireCapableBeanFactory.java:537) [na:na]
	at org.springframework.beans.factory.support.AbstractAutowireCapableBeanFactory.createBean(AbstractAutowireCapableBeanFactory.java:476) [na:na]
	at org.springframework.beans.factory.support.AbstractBeanFactory$1.getObject(AbstractBeanFactory.java:303) [na:na]
	at org.springframework.beans.factory.support.DefaultSingletonBeanRegistry.getSingleton(DefaultSingletonBeanRegistry.java:230) [na:na]
	at org.springframework.beans.factory.support.AbstractBeanFactory.doGetBean(AbstractBeanFactory.java:299) [na:na]
	at org.springframework.beans.factory.support.AbstractBeanFactory.getBean(AbstractBeanFactory.java:194) [na:na]
	at org.springframework.beans.factory.support.DefaultListableBeanFactory.findAutowireCandidates(DefaultListableBeanFactory.java:1127) [na:na]
	at org.springframework.beans.factory.support.DefaultListableBeanFactory.doResolveDependency(DefaultListableBeanFactory.java:1051) [na:na]
	at org.springframework.beans.factory.support.DefaultListableBeanFactory.resolveDependency(DefaultListableBeanFactory.java:949) [na:na]
	at org.springframework.beans.factory.support.ConstructorResolver.resolveAutowiredArgument(ConstructorResolver.java:813) [na:na]
	at org.springframework.beans.factory.support.ConstructorResolver.createArgumentArray(ConstructorResolver.java:741) [na:na]
	at org.springframework.beans.factory.support.ConstructorResolver.autowireConstructor(ConstructorResolver.java:185) [na:na]
	at org.springframework.beans.factory.support.AbstractAutowireCapableBeanFactory.autowireConstructor(AbstractAutowireCapableBeanFactory.java:1131) [na:na]
	at org.springframework.beans.factory.support.AbstractAutowireCapableBeanFactory.createBeanInstance(AbstractAutowireCapableBeanFactory.java:1034) [na:na]
	at org.springframework.beans.factory.support.AbstractAutowireCapableBeanFactory.doCreateBean(AbstractAutowireCapableBeanFactory.java:504) [na:na]
	at org.springframework.beans.factory.support.AbstractAutowireCapableBeanFactory.createBean(AbstractAutowireCapableBeanFactory.java:476) [na:na]
	at org.springframework.beans.factory.support.AbstractBeanFactory$1.getObject(AbstractBeanFactory.java:303) [na:na]
	at org.springframework.beans.factory.support.DefaultSingletonBeanRegistry.getSingleton(DefaultSingletonBeanRegistry.java:230) [na:na]
	at org.springframework.beans.factory.support.AbstractBeanFactory.doGetBean(AbstractBeanFactory.java:299) [na:na]
	at org.springframework.beans.factory.support.AbstractBeanFactory.getBean(AbstractBeanFactory.java:194) [na:na]
	at org.springframework.beans.factory.support.DefaultListableBeanFactory.preInstantiateSingletons(DefaultListableBeanFactory.java:762) [na:na]
	at org.springframework.context.support.AbstractApplicationContext.finishBeanFactoryInitialization(AbstractApplicationContext.java:757) [na:na]
	at org.springframework.context.support.AbstractApplicationContext.refresh(AbstractApplicationContext.java:480) [na:na]
	at Global.onStart(Global.java:59) [na:na]
	at play.core.j.JavaGlobalSettingsAdapter.onStart(JavaGlobalSettingsAdapter.scala:22) [na:na]
	at play.api.GlobalPlugin.onStart(GlobalSettings.scala:220) [na:na]
	at play.api.Play$$anonfun$start$1$$anonfun$apply$mcV$sp$1.apply(Play.scala:91) [na:na]
	at play.api.Play$$anonfun$start$1$$anonfun$apply$mcV$sp$1.apply(Play.scala:91) [na:na]
	at scala.collection.immutable.List.foreach(List.scala:381) [na:na]
	at play.api.Play$$anonfun$start$1.apply$mcV$sp(Play.scala:91) [na:na]
	at play.api.Play$$anonfun$start$1.apply(Play.scala:91) [na:na]
	at play.api.Play$$anonfun$start$1.apply(Play.scala:91) [na:na]
	at play.utils.Threads$.withContextClassLoader(Threads.scala:21) [na:na]
	at play.api.Play$.start(Play.scala:90) [na:na]
	at play.core.StaticApplication.<init>(ApplicationProvider.scala:55) [na:na]
	at play.core.server.NettyServer$.createServer(NettyServer.scala:244) [na:na]
	at play.core.server.NettyServer$$anonfun$main$3.apply(NettyServer.scala:280) [na:na]
	at play.core.server.NettyServer$$anonfun$main$3.apply(NettyServer.scala:275) [na:na]
	at scala.Option.map(Option.scala:145) [na:na]
	at play.core.server.NettyServer$.main(NettyServer.scala:275) [na:na]
	at play.core.server.NettyServer.main(NettyServer.scala) [na:na]
	at sun.reflect.NativeMethodAccessorImpl.invoke0(Native Method) ~[na:1.8.0_60]
	at sun.reflect.NativeMethodAccessorImpl.invoke(NativeMethodAccessorImpl.java:62) ~[na:1.8.0_60]
	at sun.reflect.DelegatingMethodAccessorImpl.invoke(DelegatingMethodAccessorImpl.java:43) ~[na:1.8.0_60]
	at java.lang.reflect.Method.invoke(Method.java:497) ~[na:1.8.0_60]
	at com.typesafe.sbt.echo.EchoProcess$RunMain.invokeMain(EchoProcess.scala:91) [sbt-echo-0.1.6.2.jar:0.1.6.2]
	at com.typesafe.sbt.echo.EchoProcess$RunMain.runMain(EchoProcess.scala:72) [sbt-echo-0.1.6.2.jar:0.1.6.2]
	at com.typesafe.sbt.echo.EchoProcess$RunMain$$anonfun$run$1.apply$mcV$sp(EchoProcess.scala:62) [sbt-echo-0.1.6.2.jar:0.1.6.2]
	at com.typesafe.sbt.echo.EchoProcess$RunMain$$anonfun$run$1.apply(EchoProcess.scala:62) [sbt-echo-0.1.6.2.jar:0.1.6.2]
	at com.typesafe.sbt.echo.EchoProcess$RunMain$$anonfun$run$1.apply(EchoProcess.scala:62) [sbt-echo-0.1.6.2.jar:0.1.6.2]
	at sbt.Logger$$anon$4.apply(Logger.scala:90) [logging-0.13.5.jar:0.13.5]
	at sbt.TrapExit$App.run(TrapExit.scala:244) [run-0.13.5.jar:0.13.5]
	at java.lang.Thread.run(Thread.java:745) [na:1.8.0_60]
Caused by: com.mchange.v2.resourcepool.CannotAcquireResourceException: A ResourcePool could not acquire a resource from its primary factory or source.
	at com.mchange.v2.resourcepool.BasicResourcePool.awaitAvailable(BasicResourcePool.java:1418) ~[na:na]
	at com.mchange.v2.resourcepool.BasicResourcePool.prelimCheckoutResource(BasicResourcePool.java:606) ~[na:na]
	at com.mchange.v2.resourcepool.BasicResourcePool.checkoutResource(BasicResourcePool.java:526) ~[na:na]
	at com.mchange.v2.c3p0.impl.C3P0PooledConnectionPool.checkoutAndMarkConnectionInUse(C3P0PooledConnectionPool.java:755) ~[na:na]
	at com.mchange.v2.c3p0.impl.C3P0PooledConnectionPool.checkoutPooledConnection(C3P0PooledConnectionPool.java:682) ~[na:na]
	... 102 common frames omitted

2015-11-14 17:58:33,046 - [ERROR] - from org.hibernate.tool.hbm2ddl.SchemaUpdate in run-main-0 
HHH000299: Could not complete schema update
java.sql.SQLException: Connections could not be acquired from the underlying database!
	at com.mchange.v2.sql.SqlUtils.toSQLException(SqlUtils.java:118) ~[na:na]
	at com.mchange.v2.c3p0.impl.C3P0PooledConnectionPool.checkoutPooledConnection(C3P0PooledConnectionPool.java:689) ~[na:na]
	at com.mchange.v2.c3p0.impl.AbstractPoolBackedDataSource.getConnection(AbstractPoolBackedDataSource.java:140) ~[na:na]
	at org.hibernate.c3p0.internal.C3P0ConnectionProvider.getConnection(C3P0ConnectionProvider.java:89) ~[na:na]
	at org.hibernate.tool.hbm2ddl.SuppliedConnectionProviderConnectionHelper.prepare(SuppliedConnectionProviderConnectionHelper.java:51) ~[na:na]
	at org.hibernate.tool.hbm2ddl.SchemaUpdate.execute(SchemaUpdate.java:194) ~[na:na]
	at org.hibernate.tool.hbm2ddl.SchemaUpdate.execute(SchemaUpdate.java:178) ~[na:na]
	at org.hibernate.internal.SessionFactoryImpl.<init>(SessionFactoryImpl.java:522) ~[na:na]
	at org.hibernate.cfg.Configuration.buildSessionFactory(Configuration.java:1859) ~[na:na]
	at org.hibernate.jpa.boot.internal.EntityManagerFactoryBuilderImpl$4.perform(EntityManagerFactoryBuilderImpl.java:852) [na:na]
	at org.hibernate.jpa.boot.internal.EntityManagerFactoryBuilderImpl$4.perform(EntityManagerFactoryBuilderImpl.java:845) [na:na]
	at org.hibernate.boot.registry.classloading.internal.ClassLoaderServiceImpl.withTccl(ClassLoaderServiceImpl.java:398) [na:na]
	at org.hibernate.jpa.boot.internal.EntityManagerFactoryBuilderImpl.build(EntityManagerFactoryBuilderImpl.java:844) [na:na]
	at org.hibernate.jpa.HibernatePersistenceProvider.createEntityManagerFactory(HibernatePersistenceProvider.java:75) [na:na]
	at org.hibernate.ejb.HibernatePersistence.createEntityManagerFactory(HibernatePersistence.java:54) [na:na]
	at javax.persistence.Persistence.createEntityManagerFactory(Persistence.java:55) [na:na]
	at javax.persistence.Persistence.createEntityManagerFactory(Persistence.java:39) [na:na]
	at Global$SpringDataJpaConfiguration.entityManagerFactory(Global.java:94) [na:na]
	at Global$SpringDataJpaConfiguration$$EnhancerBySpringCGLIB$$327ba7b.CGLIB$entityManagerFactory$1(<generated>) [na:na]
	at Global$SpringDataJpaConfiguration$$EnhancerBySpringCGLIB$$327ba7b$$FastClassBySpringCGLIB$$dc0899dc.invoke(<generated>) [na:na]
	at org.springframework.cglib.proxy.MethodProxy.invokeSuper(MethodProxy.java:228) [na:na]
	at org.springframework.context.annotation.ConfigurationClassEnhancer$BeanMethodInterceptor.intercept(ConfigurationClassEnhancer.java:309) [na:na]
	at Global$SpringDataJpaConfiguration$$EnhancerBySpringCGLIB$$327ba7b.entityManagerFactory(<generated>) [na:na]
	at sun.reflect.NativeMethodAccessorImpl.invoke0(Native Method) ~[na:1.8.0_60]
	at sun.reflect.NativeMethodAccessorImpl.invoke(NativeMethodAccessorImpl.java:62) ~[na:1.8.0_60]
	at sun.reflect.DelegatingMethodAccessorImpl.invoke(DelegatingMethodAccessorImpl.java:43) ~[na:1.8.0_60]
	at java.lang.reflect.Method.invoke(Method.java:497) ~[na:1.8.0_60]
	at org.springframework.beans.factory.support.SimpleInstantiationStrategy.instantiate(SimpleInstantiationStrategy.java:162) [na:na]
	at org.springframework.beans.factory.support.ConstructorResolver$3.run(ConstructorResolver.java:582) [na:na]
	at java.security.AccessController.doPrivileged(Native Method) [na:1.8.0_60]
	at org.springframework.beans.factory.support.ConstructorResolver.instantiateUsingFactoryMethod(ConstructorResolver.java:579) [na:na]
	at org.springframework.beans.factory.support.AbstractAutowireCapableBeanFactory.instantiateUsingFactoryMethod(AbstractAutowireCapableBeanFactory.java:1111) [na:na]
	at org.springframework.beans.factory.support.AbstractAutowireCapableBeanFactory.createBeanInstance(AbstractAutowireCapableBeanFactory.java:1006) [na:na]
	at org.springframework.beans.factory.support.AbstractAutowireCapableBeanFactory.doCreateBean(AbstractAutowireCapableBeanFactory.java:504) [na:na]
	at org.springframework.beans.factory.support.AbstractAutowireCapableBeanFactory.createBean(AbstractAutowireCapableBeanFactory.java:476) [na:na]
	at org.springframework.beans.factory.support.AbstractBeanFactory$1.getObject(AbstractBeanFactory.java:303) [na:na]
	at org.springframework.beans.factory.support.DefaultSingletonBeanRegistry.getSingleton(DefaultSingletonBeanRegistry.java:230) [na:na]
	at org.springframework.beans.factory.support.AbstractBeanFactory.doGetBean(AbstractBeanFactory.java:299) [na:na]
	at org.springframework.beans.factory.support.AbstractBeanFactory.getBean(AbstractBeanFactory.java:194) [na:na]
	at org.springframework.beans.factory.support.BeanDefinitionValueResolver.resolveReference(BeanDefinitionValueResolver.java:351) [na:na]
	at org.springframework.beans.factory.support.BeanDefinitionValueResolver.resolveValueIfNecessary(BeanDefinitionValueResolver.java:108) [na:na]
	at org.springframework.beans.factory.support.ConstructorResolver.resolveConstructorArguments(ConstructorResolver.java:634) [na:na]
	at org.springframework.beans.factory.support.ConstructorResolver.instantiateUsingFactoryMethod(ConstructorResolver.java:444) [na:na]
	at org.springframework.beans.factory.support.AbstractAutowireCapableBeanFactory.instantiateUsingFactoryMethod(AbstractAutowireCapableBeanFactory.java:1111) [na:na]
	at org.springframework.beans.factory.support.AbstractAutowireCapableBeanFactory.createBeanInstance(AbstractAutowireCapableBeanFactory.java:1006) [na:na]
	at org.springframework.beans.factory.support.AbstractAutowireCapableBeanFactory.doCreateBean(AbstractAutowireCapableBeanFactory.java:504) [na:na]
	at org.springframework.beans.factory.support.AbstractAutowireCapableBeanFactory.createBean(AbstractAutowireCapableBeanFactory.java:476) [na:na]
	at org.springframework.beans.factory.support.BeanDefinitionValueResolver.resolveInnerBean(BeanDefinitionValueResolver.java:299) [na:na]
	at org.springframework.beans.factory.support.BeanDefinitionValueResolver.resolveValueIfNecessary(BeanDefinitionValueResolver.java:129) [na:na]
	at org.springframework.beans.factory.support.AbstractAutowireCapableBeanFactory.applyPropertyValues(AbstractAutowireCapableBeanFactory.java:1469) [na:na]
	at org.springframework.beans.factory.support.AbstractAutowireCapableBeanFactory.populateBean(AbstractAutowireCapableBeanFactory.java:1214) [na:na]
	at org.springframework.beans.factory.support.AbstractAutowireCapableBeanFactory.doCreateBean(AbstractAutowireCapableBeanFactory.java:537) [na:na]
	at org.springframework.beans.factory.support.AbstractAutowireCapableBeanFactory.createBean(AbstractAutowireCapableBeanFactory.java:476) [na:na]
	at org.springframework.beans.factory.support.AbstractBeanFactory$1.getObject(AbstractBeanFactory.java:303) [na:na]
	at org.springframework.beans.factory.support.DefaultSingletonBeanRegistry.getSingleton(DefaultSingletonBeanRegistry.java:230) [na:na]
	at org.springframework.beans.factory.support.AbstractBeanFactory.doGetBean(AbstractBeanFactory.java:299) [na:na]
	at org.springframework.beans.factory.support.AbstractBeanFactory.getBean(AbstractBeanFactory.java:194) [na:na]
	at org.springframework.beans.factory.support.DefaultListableBeanFactory.findAutowireCandidates(DefaultListableBeanFactory.java:1127) [na:na]
	at org.springframework.beans.factory.support.DefaultListableBeanFactory.doResolveDependency(DefaultListableBeanFactory.java:1051) [na:na]
	at org.springframework.beans.factory.support.DefaultListableBeanFactory.resolveDependency(DefaultListableBeanFactory.java:949) [na:na]
	at org.springframework.beans.factory.support.ConstructorResolver.resolveAutowiredArgument(ConstructorResolver.java:813) [na:na]
	at org.springframework.beans.factory.support.ConstructorResolver.createArgumentArray(ConstructorResolver.java:741) [na:na]
	at org.springframework.beans.factory.support.ConstructorResolver.autowireConstructor(ConstructorResolver.java:185) [na:na]
	at org.springframework.beans.factory.support.AbstractAutowireCapableBeanFactory.autowireConstructor(AbstractAutowireCapableBeanFactory.java:1131) [na:na]
	at org.springframework.beans.factory.support.AbstractAutowireCapableBeanFactory.createBeanInstance(AbstractAutowireCapableBeanFactory.java:1034) [na:na]
	at org.springframework.beans.factory.support.AbstractAutowireCapableBeanFactory.doCreateBean(AbstractAutowireCapableBeanFactory.java:504) [na:na]
	at org.springframework.beans.factory.support.AbstractAutowireCapableBeanFactory.createBean(AbstractAutowireCapableBeanFactory.java:476) [na:na]
	at org.springframework.beans.factory.support.AbstractBeanFactory$1.getObject(AbstractBeanFactory.java:303) [na:na]
	at org.springframework.beans.factory.support.DefaultSingletonBeanRegistry.getSingleton(DefaultSingletonBeanRegistry.java:230) [na:na]
	at org.springframework.beans.factory.support.AbstractBeanFactory.doGetBean(AbstractBeanFactory.java:299) [na:na]
	at org.springframework.beans.factory.support.AbstractBeanFactory.getBean(AbstractBeanFactory.java:194) [na:na]
	at org.springframework.beans.factory.support.DefaultListableBeanFactory.preInstantiateSingletons(DefaultListableBeanFactory.java:762) [na:na]
	at org.springframework.context.support.AbstractApplicationContext.finishBeanFactoryInitialization(AbstractApplicationContext.java:757) [na:na]
	at org.springframework.context.support.AbstractApplicationContext.refresh(AbstractApplicationContext.java:480) [na:na]
	at Global.onStart(Global.java:59) [na:na]
	at play.core.j.JavaGlobalSettingsAdapter.onStart(JavaGlobalSettingsAdapter.scala:22) [na:na]
	at play.api.GlobalPlugin.onStart(GlobalSettings.scala:220) [na:na]
	at play.api.Play$$anonfun$start$1$$anonfun$apply$mcV$sp$1.apply(Play.scala:91) [na:na]
	at play.api.Play$$anonfun$start$1$$anonfun$apply$mcV$sp$1.apply(Play.scala:91) [na:na]
	at scala.collection.immutable.List.foreach(List.scala:381) [na:na]
	at play.api.Play$$anonfun$start$1.apply$mcV$sp(Play.scala:91) [na:na]
	at play.api.Play$$anonfun$start$1.apply(Play.scala:91) [na:na]
	at play.api.Play$$anonfun$start$1.apply(Play.scala:91) [na:na]
	at play.utils.Threads$.withContextClassLoader(Threads.scala:21) [na:na]
	at play.api.Play$.start(Play.scala:90) [na:na]
	at play.core.StaticApplication.<init>(ApplicationProvider.scala:55) [na:na]
	at play.core.server.NettyServer$.createServer(NettyServer.scala:244) [na:na]
	at play.core.server.NettyServer$$anonfun$main$3.apply(NettyServer.scala:280) [na:na]
	at play.core.server.NettyServer$$anonfun$main$3.apply(NettyServer.scala:275) [na:na]
	at scala.Option.map(Option.scala:145) [na:na]
	at play.core.server.NettyServer$.main(NettyServer.scala:275) [na:na]
	at play.core.server.NettyServer.main(NettyServer.scala) [na:na]
	at sun.reflect.NativeMethodAccessorImpl.invoke0(Native Method) ~[na:1.8.0_60]
	at sun.reflect.NativeMethodAccessorImpl.invoke(NativeMethodAccessorImpl.java:62) ~[na:1.8.0_60]
	at sun.reflect.DelegatingMethodAccessorImpl.invoke(DelegatingMethodAccessorImpl.java:43) ~[na:1.8.0_60]
	at java.lang.reflect.Method.invoke(Method.java:497) ~[na:1.8.0_60]
	at com.typesafe.sbt.echo.EchoProcess$RunMain.invokeMain(EchoProcess.scala:91) [sbt-echo-0.1.6.2.jar:0.1.6.2]
	at com.typesafe.sbt.echo.EchoProcess$RunMain.runMain(EchoProcess.scala:72) [sbt-echo-0.1.6.2.jar:0.1.6.2]
	at com.typesafe.sbt.echo.EchoProcess$RunMain$$anonfun$run$1.apply$mcV$sp(EchoProcess.scala:62) [sbt-echo-0.1.6.2.jar:0.1.6.2]
	at com.typesafe.sbt.echo.EchoProcess$RunMain$$anonfun$run$1.apply(EchoProcess.scala:62) [sbt-echo-0.1.6.2.jar:0.1.6.2]
	at com.typesafe.sbt.echo.EchoProcess$RunMain$$anonfun$run$1.apply(EchoProcess.scala:62) [sbt-echo-0.1.6.2.jar:0.1.6.2]
	at sbt.Logger$$anon$4.apply(Logger.scala:90) [logging-0.13.5.jar:0.13.5]
	at sbt.TrapExit$App.run(TrapExit.scala:244) [run-0.13.5.jar:0.13.5]
	at java.lang.Thread.run(Thread.java:745) [na:1.8.0_60]
Caused by: com.mchange.v2.resourcepool.CannotAcquireResourceException: A ResourcePool could not acquire a resource from its primary factory or source.
	at com.mchange.v2.resourcepool.BasicResourcePool.awaitAvailable(BasicResourcePool.java:1418) ~[na:na]
	at com.mchange.v2.resourcepool.BasicResourcePool.prelimCheckoutResource(BasicResourcePool.java:606) ~[na:na]
	at com.mchange.v2.resourcepool.BasicResourcePool.checkoutResource(BasicResourcePool.java:526) ~[na:na]
	at com.mchange.v2.c3p0.impl.C3P0PooledConnectionPool.checkoutAndMarkConnectionInUse(C3P0PooledConnectionPool.java:755) ~[na:na]
	at com.mchange.v2.c3p0.impl.C3P0PooledConnectionPool.checkoutPooledConnection(C3P0PooledConnectionPool.java:682) ~[na:na]
	... 102 common frames omitted

2015-11-14 17:58:33,553 - [INFO] - from play in run-main-0 
Application started (Prod)

2015-11-14 17:58:33,643 - [INFO] - from play in run-main-0 
Listening for HTTP on /0:0:0:0:0:0:0:0:9000

